+-------+-------+-------+------------------+
| Gas	| Miles	| Delta	| mpg              |
+-------+-------+-------+------------------+
| 9.555	| 2939	|	|		   |
| 9.289	| 3273	| 334	| 35.9565076972764 |
| 9.281	| 3641	| 368	| 39.6508996875337 |
| 8.788	| 3963	| 322	| 36.6408739189804 |
| 8.810	| 4309	| 346	| 39.2735527809308 |
| 8.450	| 4650	| 341	| 40.3550295857988 |
| 9.375	| 4984	| 334	| 35.6266666666667 |
| 9.263	| 5339	| 355	| 38.3245168951743 |
| 8.859	| 5697	| 358	| 40.4108815893442 |
| 9.224	| 6066	| 369	| 40.0043365134432 |
| 7.397	| 6344	| 278	| 37.5828038393943 |
| 9.186	| 6703	| 359	| 39.0812105377749 |
| 9.846	| 7095	| 392	| 39.8131220800325 |
| 9.247	| 7424	| 329	| 35.5791067373202 |
|  9.289 |  3273 |   334 | 35.9565076972764 |
|  9.281 |  3641 |   368 | 39.6508996875337 |
|  8.788 |  3963 |   322 | 36.6408739189804 |
|  8.810 |  4309 |   346 | 39.2735527809308 |
|  8.450 |  4650 |   341 | 40.3550295857988 |
|  9.375 |  4984 |   334 | 35.6266666666667 |
|  9.263 |  5339 |   355 | 38.3245168951743 |
|  8.859 |  5697 |   358 | 40.4108815893442 |
|  9.224 |  6066 |   369 | 40.0043365134432 |
|  7.397 |  6344 |   278 | 37.5828038393943 |
|  9.186 |  6703 |   359 | 39.0812105377749 |
|  9.846 |  7095 |   392 | 39.8131220800325 |
|  9.247 |  7424 |   329 | 35.5791067373202 |
|  9.289 |  3273 |   334 |  35.9565076972764 |
+------------------------------------------+
|               average = 38.3284194334060 |
+------------------------------------------+
Gas	Miles	Delta	 mpg
9.555	2939
9.289	3273	334	35.9565076972764

9.281	3641	368	39.6508996875337

8.788	3963	322	36.6408739189804

8.810	4309	346	39.2735527809308

8.450	4650	341	40.3550295857988

9.375	4984	334	35.6266666666667

9.263	5339	355	38.3245168951743

8.859	5697	358	40.4108815893442

9.224	6066	369	40.0043365134432

7.397	6344	278	37.5828038393943

9.186	6703	359	39.0812105377749

9.846	7095	392	39.8131220800325

9.247	7424	329	35.5791067373202

average = 38.328419433406
Gas	Miles	Delta	 mpg
|  9.289 |  3273 |   334 |  35.9565076972764 |
|  9.281 |  3641 |   368 |  39.6508996875337 |
|  8.788 |  3963 |   322 |  36.6408739189804 |
|  8.810 |  4309 |   346 |  39.2735527809308 |
|  8.450 |  4650 |   341 |  40.3550295857988 |
|  9.375 |  4984 |   334 |  35.6266666666667 |
|  9.263 |  5339 |   355 |  38.3245168951743 |
|  8.859 |  5697 |   358 |  40.4108815893442 |
|  9.224 |  6066 |   369 |  40.0043365134432 |
|  7.397 |  6344 |   278 |  37.5828038393943 |
|  9.186 |  6703 |   359 |  39.0812105377749 |
|  9.846 |  7095 |   392 |  39.8131220800325 |
|  9.247 |  7424 |   329 |  35.5791067373202 |
average = 38.328419433406
Gas	Miles	Delta	 mpg
|  9.289 |  3273 |   334 | 35.9565076972764 |
|  9.281 |  3641 |   368 | 39.6508996875337 |
|  8.788 |  3963 |   322 | 36.6408739189804 |
|  8.810 |  4309 |   346 | 39.2735527809308 |
|  8.450 |  4650 |   341 | 40.3550295857988 |
|  9.375 |  4984 |   334 | 35.6266666666667 |
|  9.263 |  5339 |   355 | 38.3245168951743 |
|  8.859 |  5697 |   358 | 40.4108815893442 |
|  9.224 |  6066 |   369 | 40.0043365134432 |
|  7.397 |  6344 |   278 | 37.5828038393943 |
|  9.186 |  6703 |   359 | 39.0812105377749 |
|  9.846 |  7095 |   392 | 39.8131220800325 |
|  9.247 |  7424 |   329 | 35.5791067373202 |
average = 38.328419433406
